  compiled module: 0x1093d1e40
  compiled module: 0x1094643b0
  compiled module: 0x109483370
  compiled module: 0x109495ec0
ECHO: "Overall width = ", 1196
ECHO: "Overall depth = ", 906
ECHO: "Overall height = ", 386
ECHO: "frame/"
ECHO: "AluExtBR_20x40_1200: Aluminium Extrusion BR_20x40 1200mm"
ECHO: "AluExtBR_20x40_1200: Aluminium Extrusion BR_20x40 1200mm"
ECHO: "AluExtBR_20x40_870: Aluminium Extrusion BR_20x40 870mm"
ECHO: "20x40HeavyGusset:"
ECHO: "CS0408: M4 cap screw x 8mm"
ECHO: "AluExtTwistNut: Aluminium Extrusion Twist Nut"
ECHO: "CS0408: M4 cap screw x 8mm"
ECHO: "AluExtTwistNut: Aluminium Extrusion Twist Nut"
ECHO: "CS0408: M4 cap screw x 8mm"
ECHO: "AluExtTwistNut: Aluminium Extrusion Twist Nut"
ECHO: "CS0408: M4 cap screw x 8mm"
ECHO: "AluExtTwistNut: Aluminium Extrusion Twist Nut"
ECHO: "CS0408: M4 cap screw x 8mm"
ECHO: "AluExtTwistNut: Aluminium Extrusion Twist Nut"
ECHO: "CS0408: M4 cap screw x 8mm"
ECHO: "AluExtTwistNut: Aluminium Extrusion Twist Nut"
ECHO: "CS0408: M4 cap screw x 8mm"
ECHO: "AluExtTwistNut: Aluminium Extrusion Twist Nut"
ECHO: "CS0408: M4 cap screw x 8mm"
ECHO: "AluExtTwistNut: Aluminium Extrusion Twist Nut"
ECHO: "20x40HeavyGusset:"
ECHO: "CS0408: M4 cap screw x 8mm"
ECHO: "AluExtTwistNut: Aluminium Extrusion Twist Nut"
ECHO: "CS0408: M4 cap screw x 8mm"
ECHO: "AluExtTwistNut: Aluminium Extrusion Twist Nut"
ECHO: "CS0408: M4 cap screw x 8mm"
ECHO: "AluExtTwistNut: Aluminium Extrusion Twist Nut"
ECHO: "CS0408: M4 cap screw x 8mm"
ECHO: "AluExtTwistNut: Aluminium Extrusion Twist Nut"
ECHO: "CS0408: M4 cap screw x 8mm"
ECHO: "AluExtTwistNut: Aluminium Extrusion Twist Nut"
ECHO: "CS0408: M4 cap screw x 8mm"
ECHO: "AluExtTwistNut: Aluminium Extrusion Twist Nut"
ECHO: "CS0408: M4 cap screw x 8mm"
ECHO: "AluExtTwistNut: Aluminium Extrusion Twist Nut"
ECHO: "CS0408: M4 cap screw x 8mm"
ECHO: "AluExtTwistNut: Aluminium Extrusion Twist Nut"
ECHO: "AluExtBR_20x40_870: Aluminium Extrusion BR_20x40 870mm"
ECHO: "20x40HeavyGusset:"
ECHO: "CS0408: M4 cap screw x 8mm"
ECHO: "AluExtTwistNut: Aluminium Extrusion Twist Nut"
ECHO: "CS0408: M4 cap screw x 8mm"
ECHO: "AluExtTwistNut: Aluminium Extrusion Twist Nut"
ECHO: "CS0408: M4 cap screw x 8mm"
ECHO: "AluExtTwistNut: Aluminium Extrusion Twist Nut"
ECHO: "CS0408: M4 cap screw x 8mm"
ECHO: "AluExtTwistNut: Aluminium Extrusion Twist Nut"
ECHO: "CS0408: M4 cap screw x 8mm"
ECHO: "AluExtTwistNut: Aluminium Extrusion Twist Nut"
ECHO: "CS0408: M4 cap screw x 8mm"
ECHO: "AluExtTwistNut: Aluminium Extrusion Twist Nut"
ECHO: "CS0408: M4 cap screw x 8mm"
ECHO: "AluExtTwistNut: Aluminium Extrusion Twist Nut"
ECHO: "CS0408: M4 cap screw x 8mm"
ECHO: "AluExtTwistNut: Aluminium Extrusion Twist Nut"
ECHO: "20x40HeavyGusset:"
ECHO: "CS0408: M4 cap screw x 8mm"
ECHO: "AluExtTwistNut: Aluminium Extrusion Twist Nut"
ECHO: "CS0408: M4 cap screw x 8mm"
ECHO: "AluExtTwistNut: Aluminium Extrusion Twist Nut"
ECHO: "CS0408: M4 cap screw x 8mm"
ECHO: "AluExtTwistNut: Aluminium Extrusion Twist Nut"
ECHO: "CS0408: M4 cap screw x 8mm"
ECHO: "AluExtTwistNut: Aluminium Extrusion Twist Nut"
ECHO: "CS0408: M4 cap screw x 8mm"
ECHO: "AluExtTwistNut: Aluminium Extrusion Twist Nut"
ECHO: "CS0408: M4 cap screw x 8mm"
ECHO: "AluExtTwistNut: Aluminium Extrusion Twist Nut"
ECHO: "CS0408: M4 cap screw x 8mm"
ECHO: "AluExtTwistNut: Aluminium Extrusion Twist Nut"
ECHO: "CS0408: M4 cap screw x 8mm"
ECHO: "AluExtTwistNut: Aluminium Extrusion Twist Nut"
ECHO: "AluExtBR_20x40_870: Aluminium Extrusion BR_20x40 870mm"
ECHO: "20x40HeavyGusset:"
ECHO: "CS0408: M4 cap screw x 8mm"
ECHO: "AluExtTwistNut: Aluminium Extrusion Twist Nut"
ECHO: "CS0408: M4 cap screw x 8mm"
ECHO: "AluExtTwistNut: Aluminium Extrusion Twist Nut"
ECHO: "CS0408: M4 cap screw x 8mm"
ECHO: "AluExtTwistNut: Aluminium Extrusion Twist Nut"
ECHO: "CS0408: M4 cap screw x 8mm"
ECHO: "AluExtTwistNut: Aluminium Extrusion Twist Nut"
ECHO: "CS0408: M4 cap screw x 8mm"
ECHO: "AluExtTwistNut: Aluminium Extrusion Twist Nut"
ECHO: "CS0408: M4 cap screw x 8mm"
ECHO: "AluExtTwistNut: Aluminium Extrusion Twist Nut"
ECHO: "CS0408: M4 cap screw x 8mm"
ECHO: "AluExtTwistNut: Aluminium Extrusion Twist Nut"
ECHO: "CS0408: M4 cap screw x 8mm"
ECHO: "AluExtTwistNut: Aluminium Extrusion Twist Nut"
ECHO: "20x40HeavyGusset:"
ECHO: "CS0408: M4 cap screw x 8mm"
ECHO: "AluExtTwistNut: Aluminium Extrusion Twist Nut"
ECHO: "CS0408: M4 cap screw x 8mm"
ECHO: "AluExtTwistNut: Aluminium Extrusion Twist Nut"
ECHO: "CS0408: M4 cap screw x 8mm"
ECHO: "AluExtTwistNut: Aluminium Extrusion Twist Nut"
ECHO: "CS0408: M4 cap screw x 8mm"
ECHO: "AluExtTwistNut: Aluminium Extrusion Twist Nut"
ECHO: "CS0408: M4 cap screw x 8mm"
ECHO: "AluExtTwistNut: Aluminium Extrusion Twist Nut"
ECHO: "CS0408: M4 cap screw x 8mm"
ECHO: "AluExtTwistNut: Aluminium Extrusion Twist Nut"
ECHO: "CS0408: M4 cap screw x 8mm"
ECHO: "AluExtTwistNut: Aluminium Extrusion Twist Nut"
ECHO: "CS0408: M4 cap screw x 8mm"
ECHO: "AluExtTwistNut: Aluminium Extrusion Twist Nut"
ECHO: "AluExtBR_20x40_870: Aluminium Extrusion BR_20x40 870mm"
ECHO: "20x40HeavyGusset:"
ECHO: "CS0408: M4 cap screw x 8mm"
ECHO: "AluExtTwistNut: Aluminium Extrusion Twist Nut"
ECHO: "CS0408: M4 cap screw x 8mm"
ECHO: "AluExtTwistNut: Aluminium Extrusion Twist Nut"
ECHO: "CS0408: M4 cap screw x 8mm"
ECHO: "AluExtTwistNut: Aluminium Extrusion Twist Nut"
ECHO: "CS0408: M4 cap screw x 8mm"
ECHO: "AluExtTwistNut: Aluminium Extrusion Twist Nut"
ECHO: "CS0408: M4 cap screw x 8mm"
ECHO: "AluExtTwistNut: Aluminium Extrusion Twist Nut"
ECHO: "CS0408: M4 cap screw x 8mm"
ECHO: "AluExtTwistNut: Aluminium Extrusion Twist Nut"
ECHO: "CS0408: M4 cap screw x 8mm"
ECHO: "AluExtTwistNut: Aluminium Extrusion Twist Nut"
ECHO: "CS0408: M4 cap screw x 8mm"
ECHO: "AluExtTwistNut: Aluminium Extrusion Twist Nut"
ECHO: "20x40HeavyGusset:"
ECHO: "CS0408: M4 cap screw x 8mm"
ECHO: "AluExtTwistNut: Aluminium Extrusion Twist Nut"
ECHO: "CS0408: M4 cap screw x 8mm"
ECHO: "AluExtTwistNut: Aluminium Extrusion Twist Nut"
ECHO: "CS0408: M4 cap screw x 8mm"
ECHO: "AluExtTwistNut: Aluminium Extrusion Twist Nut"
ECHO: "CS0408: M4 cap screw x 8mm"
ECHO: "AluExtTwistNut: Aluminium Extrusion Twist Nut"
ECHO: "CS0408: M4 cap screw x 8mm"
ECHO: "AluExtTwistNut: Aluminium Extrusion Twist Nut"
ECHO: "CS0408: M4 cap screw x 8mm"
ECHO: "AluExtTwistNut: Aluminium Extrusion Twist Nut"
ECHO: "CS0408: M4 cap screw x 8mm"
ECHO: "AluExtTwistNut: Aluminium Extrusion Twist Nut"
ECHO: "CS0408: M4 cap screw x 8mm"
ECHO: "AluExtTwistNut: Aluminium Extrusion Twist Nut"
ECHO: "AluExtBR_20x40_870: Aluminium Extrusion BR_20x40 870mm"
ECHO: "BR20x20Gusset: BR20x20Gusset"
ECHO: "CS0408: M4 cap screw x 8mm"
ECHO: "AluExtTwistNut: Aluminium Extrusion Twist Nut"
ECHO: "CS0408: M4 cap screw x 8mm"
ECHO: "AluExtTwistNut: Aluminium Extrusion Twist Nut"
ECHO: "BR20x20Gusset: BR20x20Gusset"
ECHO: "CS0408: M4 cap screw x 8mm"
ECHO: "AluExtTwistNut: Aluminium Extrusion Twist Nut"
ECHO: "CS0408: M4 cap screw x 8mm"
ECHO: "AluExtTwistNut: Aluminium Extrusion Twist Nut"
ECHO: "BR20x20Gusset: BR20x20Gusset"
ECHO: "CS0408: M4 cap screw x 8mm"
ECHO: "AluExtTwistNut: Aluminium Extrusion Twist Nut"
ECHO: "CS0408: M4 cap screw x 8mm"
ECHO: "AluExtTwistNut: Aluminium Extrusion Twist Nut"
ECHO: "BR20x20Gusset: BR20x20Gusset"
ECHO: "CS0408: M4 cap screw x 8mm"
ECHO: "AluExtTwistNut: Aluminium Extrusion Twist Nut"
ECHO: "CS0408: M4 cap screw x 8mm"
ECHO: "AluExtTwistNut: Aluminium Extrusion Twist Nut"
ECHO: "AluExtBR_20x40_870: Aluminium Extrusion BR_20x40 870mm"
ECHO: "BR20x20Gusset: BR20x20Gusset"
ECHO: "CS0408: M4 cap screw x 8mm"
ECHO: "AluExtTwistNut: Aluminium Extrusion Twist Nut"
ECHO: "CS0408: M4 cap screw x 8mm"
ECHO: "AluExtTwistNut: Aluminium Extrusion Twist Nut"
ECHO: "BR20x20Gusset: BR20x20Gusset"
ECHO: "CS0408: M4 cap screw x 8mm"
ECHO: "AluExtTwistNut: Aluminium Extrusion Twist Nut"
ECHO: "CS0408: M4 cap screw x 8mm"
ECHO: "AluExtTwistNut: Aluminium Extrusion Twist Nut"
ECHO: "BR20x20Gusset: BR20x20Gusset"
ECHO: "CS0408: M4 cap screw x 8mm"
ECHO: "AluExtTwistNut: Aluminium Extrusion Twist Nut"
ECHO: "CS0408: M4 cap screw x 8mm"
ECHO: "AluExtTwistNut: Aluminium Extrusion Twist Nut"
ECHO: "BR20x20Gusset: BR20x20Gusset"
ECHO: "CS0408: M4 cap screw x 8mm"
ECHO: "AluExtTwistNut: Aluminium Extrusion Twist Nut"
ECHO: "CS0408: M4 cap screw x 8mm"
ECHO: "AluExtTwistNut: Aluminium Extrusion Twist Nut"
ECHO: "AluExtBR_20x20_350: Aluminium Extrusion BR_20x20 350mm"
ECHO: "BR20x20Gusset: BR20x20Gusset"
ECHO: "CS0408: M4 cap screw x 8mm"
ECHO: "AluExtTwistNut: Aluminium Extrusion Twist Nut"
ECHO: "CS0408: M4 cap screw x 8mm"
ECHO: "AluExtTwistNut: Aluminium Extrusion Twist Nut"
ECHO: "AluExtBR_20x20_350: Aluminium Extrusion BR_20x20 350mm"
ECHO: "BR20x20Gusset: BR20x20Gusset"
ECHO: "CS0408: M4 cap screw x 8mm"
ECHO: "AluExtTwistNut: Aluminium Extrusion Twist Nut"
ECHO: "CS0408: M4 cap screw x 8mm"
ECHO: "AluExtTwistNut: Aluminium Extrusion Twist Nut"
ECHO: "AluExtBR_20x20_350: Aluminium Extrusion BR_20x20 350mm"
ECHO: "BR20x20Gusset: BR20x20Gusset"
ECHO: "CS0408: M4 cap screw x 8mm"
ECHO: "AluExtTwistNut: Aluminium Extrusion Twist Nut"
ECHO: "CS0408: M4 cap screw x 8mm"
ECHO: "AluExtTwistNut: Aluminium Extrusion Twist Nut"
ECHO: "AluExtBR_20x20_350: Aluminium Extrusion BR_20x20 350mm"
ECHO: "BR20x20Gusset: BR20x20Gusset"
ECHO: "CS0408: M4 cap screw x 8mm"
ECHO: "AluExtTwistNut: Aluminium Extrusion Twist Nut"
ECHO: "CS0408: M4 cap screw x 8mm"
ECHO: "AluExtTwistNut: Aluminium Extrusion Twist Nut"
ECHO: "AluExtBR_20x20_350: Aluminium Extrusion BR_20x20 350mm"
ECHO: "BR20x20Gusset: BR20x20Gusset"
ECHO: "CS0408: M4 cap screw x 8mm"
ECHO: "AluExtTwistNut: Aluminium Extrusion Twist Nut"
ECHO: "CS0408: M4 cap screw x 8mm"
ECHO: "AluExtTwistNut: Aluminium Extrusion Twist Nut"
ECHO: "AluExtBR_20x20_350: Aluminium Extrusion BR_20x20 350mm"
ECHO: "BR20x20Gusset: BR20x20Gusset"
ECHO: "CS0408: M4 cap screw x 8mm"
ECHO: "AluExtTwistNut: Aluminium Extrusion Twist Nut"
ECHO: "CS0408: M4 cap screw x 8mm"
ECHO: "AluExtTwistNut: Aluminium Extrusion Twist Nut"
ECHO: "AluExtBR_20x20_350: Aluminium Extrusion BR_20x20 350mm"
ECHO: "BR20x20Gusset: BR20x20Gusset"
ECHO: "CS0408: M4 cap screw x 8mm"
ECHO: "AluExtTwistNut: Aluminium Extrusion Twist Nut"
ECHO: "CS0408: M4 cap screw x 8mm"
ECHO: "AluExtTwistNut: Aluminium Extrusion Twist Nut"
ECHO: "AluExtBR_20x20_350: Aluminium Extrusion BR_20x20 350mm"
ECHO: "BR20x20Gusset: BR20x20Gusset"
ECHO: "CS0408: M4 cap screw x 8mm"
ECHO: "AluExtTwistNut: Aluminium Extrusion Twist Nut"
ECHO: "CS0408: M4 cap screw x 8mm"
ECHO: "AluExtTwistNut: Aluminium Extrusion Twist Nut"
ECHO: "AluExtBR_20x20_870: Aluminium Extrusion BR_20x20 870mm"
ECHO: "BR20x20Gusset: BR20x20Gusset"
ECHO: "CS0408: M4 cap screw x 8mm"
ECHO: "AluExtTwistNut: Aluminium Extrusion Twist Nut"
ECHO: "CS0408: M4 cap screw x 8mm"
ECHO: "AluExtTwistNut: Aluminium Extrusion Twist Nut"
ECHO: "BR20x20Gusset: BR20x20Gusset"
ECHO: "CS0408: M4 cap screw x 8mm"
ECHO: "AluExtTwistNut: Aluminium Extrusion Twist Nut"
ECHO: "CS0408: M4 cap screw x 8mm"
ECHO: "AluExtTwistNut: Aluminium Extrusion Twist Nut"
ECHO: "AluExtBR_20x20_870: Aluminium Extrusion BR_20x20 870mm"
ECHO: "BR20x20Gusset: BR20x20Gusset"
ECHO: "CS0408: M4 cap screw x 8mm"
ECHO: "AluExtTwistNut: Aluminium Extrusion Twist Nut"
ECHO: "CS0408: M4 cap screw x 8mm"
ECHO: "AluExtTwistNut: Aluminium Extrusion Twist Nut"
ECHO: "BR20x20Gusset: BR20x20Gusset"
ECHO: "CS0408: M4 cap screw x 8mm"
ECHO: "AluExtTwistNut: Aluminium Extrusion Twist Nut"
ECHO: "CS0408: M4 cap screw x 8mm"
ECHO: "AluExtTwistNut: Aluminium Extrusion Twist Nut"
ECHO: "AluExtBR_20x20_870: Aluminium Extrusion BR_20x20 870mm"
ECHO: "BR20x20Gusset: BR20x20Gusset"
ECHO: "CS0408: M4 cap screw x 8mm"
ECHO: "AluExtTwistNut: Aluminium Extrusion Twist Nut"
ECHO: "CS0408: M4 cap screw x 8mm"
ECHO: "AluExtTwistNut: Aluminium Extrusion Twist Nut"
ECHO: "BR20x20Gusset: BR20x20Gusset"
ECHO: "CS0408: M4 cap screw x 8mm"
ECHO: "AluExtTwistNut: Aluminium Extrusion Twist Nut"
ECHO: "CS0408: M4 cap screw x 8mm"
ECHO: "AluExtTwistNut: Aluminium Extrusion Twist Nut"
ECHO: "AluExtBR_20x20_870: Aluminium Extrusion BR_20x20 870mm"
ECHO: "BR20x20Gusset: BR20x20Gusset"
ECHO: "CS0408: M4 cap screw x 8mm"
ECHO: "AluExtTwistNut: Aluminium Extrusion Twist Nut"
ECHO: "CS0408: M4 cap screw x 8mm"
ECHO: "AluExtTwistNut: Aluminium Extrusion Twist Nut"
ECHO: "BR20x20Gusset: BR20x20Gusset"
ECHO: "CS0408: M4 cap screw x 8mm"
ECHO: "AluExtTwistNut: Aluminium Extrusion Twist Nut"
ECHO: "CS0408: M4 cap screw x 8mm"
ECHO: "AluExtTwistNut: Aluminium Extrusion Twist Nut"
ECHO: "AluExtBR_20x40_990: Aluminium Extrusion BR_20x40 990mm"
ECHO: "BR20x20Gusset: BR20x20Gusset"
ECHO: "CS0408: M4 cap screw x 8mm"
ECHO: "AluExtTwistNut: Aluminium Extrusion Twist Nut"
ECHO: "CS0408: M4 cap screw x 8mm"
ECHO: "AluExtTwistNut: Aluminium Extrusion Twist Nut"
ECHO: "BR20x20Gusset: BR20x20Gusset"
ECHO: "CS0408: M4 cap screw x 8mm"
ECHO: "AluExtTwistNut: Aluminium Extrusion Twist Nut"
ECHO: "CS0408: M4 cap screw x 8mm"
ECHO: "AluExtTwistNut: Aluminium Extrusion Twist Nut"
ECHO: "BR20x20Gusset: BR20x20Gusset"
ECHO: "CS0408: M4 cap screw x 8mm"
ECHO: "AluExtTwistNut: Aluminium Extrusion Twist Nut"
ECHO: "CS0408: M4 cap screw x 8mm"
ECHO: "AluExtTwistNut: Aluminium Extrusion Twist Nut"
ECHO: "BR20x20Gusset: BR20x20Gusset"
ECHO: "CS0408: M4 cap screw x 8mm"
ECHO: "AluExtTwistNut: Aluminium Extrusion Twist Nut"
ECHO: "CS0408: M4 cap screw x 8mm"
ECHO: "AluExtTwistNut: Aluminium Extrusion Twist Nut"
ECHO: "AluExtBR_20x20_990: Aluminium Extrusion BR_20x20 990mm"
ECHO: "BR20x20Gusset: BR20x20Gusset"
ECHO: "CS0408: M4 cap screw x 8mm"
ECHO: "AluExtTwistNut: Aluminium Extrusion Twist Nut"
ECHO: "CS0408: M4 cap screw x 8mm"
ECHO: "AluExtTwistNut: Aluminium Extrusion Twist Nut"
ECHO: "BR20x20Gusset: BR20x20Gusset"
ECHO: "CS0408: M4 cap screw x 8mm"
ECHO: "AluExtTwistNut: Aluminium Extrusion Twist Nut"
ECHO: "CS0408: M4 cap screw x 8mm"
ECHO: "AluExtTwistNut: Aluminium Extrusion Twist Nut"
ECHO: "AluExtBR_20x20_990: Aluminium Extrusion BR_20x20 990mm"
ECHO: "BR20x20Gusset: BR20x20Gusset"
ECHO: "CS0408: M4 cap screw x 8mm"
ECHO: "AluExtTwistNut: Aluminium Extrusion Twist Nut"
ECHO: "CS0408: M4 cap screw x 8mm"
ECHO: "AluExtTwistNut: Aluminium Extrusion Twist Nut"
ECHO: "BR20x20Gusset: BR20x20Gusset"
ECHO: "CS0408: M4 cap screw x 8mm"
ECHO: "AluExtTwistNut: Aluminium Extrusion Twist Nut"
ECHO: "CS0408: M4 cap screw x 8mm"
ECHO: "AluExtTwistNut: Aluminium Extrusion Twist Nut"
ECHO: "20x20TGusset:"
ECHO: "WA4098: Washer M4 x 9mm x 0.8mm"
ECHO: "CS0408: M4 cap screw x 8mm"
ECHO: "AluExtTwistNut: Aluminium Extrusion Twist Nut"
ECHO: "WA4098: Washer M4 x 9mm x 0.8mm"
ECHO: "CS0408: M4 cap screw x 8mm"
ECHO: "AluExtTwistNut: Aluminium Extrusion Twist Nut"
ECHO: "WA4098: Washer M4 x 9mm x 0.8mm"
ECHO: "CS0408: M4 cap screw x 8mm"
ECHO: "AluExtTwistNut: Aluminium Extrusion Twist Nut"
ECHO: "WA4098: Washer M4 x 9mm x 0.8mm"
ECHO: "CS0408: M4 cap screw x 8mm"
ECHO: "AluExtTwistNut: Aluminium Extrusion Twist Nut"
ECHO: "20x20TGusset:"
ECHO: "WA4098: Washer M4 x 9mm x 0.8mm"
ECHO: "CS0408: M4 cap screw x 8mm"
ECHO: "AluExtTwistNut: Aluminium Extrusion Twist Nut"
ECHO: "WA4098: Washer M4 x 9mm x 0.8mm"
ECHO: "CS0408: M4 cap screw x 8mm"
ECHO: "AluExtTwistNut: Aluminium Extrusion Twist Nut"
ECHO: "WA4098: Washer M4 x 9mm x 0.8mm"
ECHO: "CS0408: M4 cap screw x 8mm"
ECHO: "AluExtTwistNut: Aluminium Extrusion Twist Nut"
ECHO: "WA4098: Washer M4 x 9mm x 0.8mm"
ECHO: "CS0408: M4 cap screw x 8mm"
ECHO: "AluExtTwistNut: Aluminium Extrusion Twist Nut"
ECHO: "20x20TGusset:"
ECHO: "WA4098: Washer M4 x 9mm x 0.8mm"
ECHO: "CS0408: M4 cap screw x 8mm"
ECHO: "AluExtTwistNut: Aluminium Extrusion Twist Nut"
ECHO: "WA4098: Washer M4 x 9mm x 0.8mm"
ECHO: "CS0408: M4 cap screw x 8mm"
ECHO: "AluExtTwistNut: Aluminium Extrusion Twist Nut"
ECHO: "WA4098: Washer M4 x 9mm x 0.8mm"
ECHO: "CS0408: M4 cap screw x 8mm"
ECHO: "AluExtTwistNut: Aluminium Extrusion Twist Nut"
ECHO: "WA4098: Washer M4 x 9mm x 0.8mm"
ECHO: "CS0408: M4 cap screw x 8mm"
ECHO: "AluExtTwistNut: Aluminium Extrusion Twist Nut"
ECHO: "20x20TGusset:"
ECHO: "WA4098: Washer M4 x 9mm x 0.8mm"
ECHO: "CS0408: M4 cap screw x 8mm"
ECHO: "AluExtTwistNut: Aluminium Extrusion Twist Nut"
ECHO: "WA4098: Washer M4 x 9mm x 0.8mm"
ECHO: "CS0408: M4 cap screw x 8mm"
ECHO: "AluExtTwistNut: Aluminium Extrusion Twist Nut"
ECHO: "WA4098: Washer M4 x 9mm x 0.8mm"
ECHO: "CS0408: M4 cap screw x 8mm"
ECHO: "AluExtTwistNut: Aluminium Extrusion Twist Nut"
ECHO: "WA4098: Washer M4 x 9mm x 0.8mm"
ECHO: "CS0408: M4 cap screw x 8mm"
ECHO: "AluExtTwistNut: Aluminium Extrusion Twist Nut"
ECHO: "20x20TGusset:"
ECHO: "WA4098: Washer M4 x 9mm x 0.8mm"
ECHO: "CS0408: M4 cap screw x 8mm"
ECHO: "AluExtTwistNut: Aluminium Extrusion Twist Nut"
ECHO: "WA4098: Washer M4 x 9mm x 0.8mm"
ECHO: "CS0408: M4 cap screw x 8mm"
ECHO: "AluExtTwistNut: Aluminium Extrusion Twist Nut"
ECHO: "WA4098: Washer M4 x 9mm x 0.8mm"
ECHO: "CS0408: M4 cap screw x 8mm"
ECHO: "AluExtTwistNut: Aluminium Extrusion Twist Nut"
ECHO: "WA4098: Washer M4 x 9mm x 0.8mm"
ECHO: "CS0408: M4 cap screw x 8mm"
ECHO: "AluExtTwistNut: Aluminium Extrusion Twist Nut"
ECHO: "WA4098: Washer M4 x 9mm x 0.8mm"
ECHO: "CS0408: M4 cap screw x 8mm"
ECHO: "AluExtTwistNut: Aluminium Extrusion Twist Nut"
ECHO: "20x20TGusset:"
ECHO: "WA4098: Washer M4 x 9mm x 0.8mm"
ECHO: "CS0408: M4 cap screw x 8mm"
ECHO: "AluExtTwistNut: Aluminium Extrusion Twist Nut"
ECHO: "WA4098: Washer M4 x 9mm x 0.8mm"
ECHO: "CS0408: M4 cap screw x 8mm"
ECHO: "AluExtTwistNut: Aluminium Extrusion Twist Nut"
ECHO: "WA4098: Washer M4 x 9mm x 0.8mm"
ECHO: "CS0408: M4 cap screw x 8mm"
ECHO: "AluExtTwistNut: Aluminium Extrusion Twist Nut"
ECHO: "WA4098: Washer M4 x 9mm x 0.8mm"
ECHO: "CS0408: M4 cap screw x 8mm"
ECHO: "AluExtTwistNut: Aluminium Extrusion Twist Nut"
ECHO: "WA4098: Washer M4 x 9mm x 0.8mm"
ECHO: "CS0408: M4 cap screw x 8mm"
ECHO: "AluExtTwistNut: Aluminium Extrusion Twist Nut"
ECHO: "20x20TGusset:"
ECHO: "WA4098: Washer M4 x 9mm x 0.8mm"
ECHO: "CS0408: M4 cap screw x 8mm"
ECHO: "AluExtTwistNut: Aluminium Extrusion Twist Nut"
ECHO: "WA4098: Washer M4 x 9mm x 0.8mm"
ECHO: "CS0408: M4 cap screw x 8mm"
ECHO: "AluExtTwistNut: Aluminium Extrusion Twist Nut"
ECHO: "WA4098: Washer M4 x 9mm x 0.8mm"
ECHO: "CS0408: M4 cap screw x 8mm"
ECHO: "AluExtTwistNut: Aluminium Extrusion Twist Nut"
ECHO: "WA4098: Washer M4 x 9mm x 0.8mm"
ECHO: "CS0408: M4 cap screw x 8mm"
ECHO: "AluExtTwistNut: Aluminium Extrusion Twist Nut"
ECHO: "WA4098: Washer M4 x 9mm x 0.8mm"
ECHO: "CS0408: M4 cap screw x 8mm"
ECHO: "AluExtTwistNut: Aluminium Extrusion Twist Nut"
ECHO: "20x20TGusset:"
ECHO: "WA4098: Washer M4 x 9mm x 0.8mm"
ECHO: "CS0408: M4 cap screw x 8mm"
ECHO: "AluExtTwistNut: Aluminium Extrusion Twist Nut"
ECHO: "WA4098: Washer M4 x 9mm x 0.8mm"
ECHO: "CS0408: M4 cap screw x 8mm"
ECHO: "AluExtTwistNut: Aluminium Extrusion Twist Nut"
ECHO: "WA4098: Washer M4 x 9mm x 0.8mm"
ECHO: "CS0408: M4 cap screw x 8mm"
ECHO: "AluExtTwistNut: Aluminium Extrusion Twist Nut"
ECHO: "WA4098: Washer M4 x 9mm x 0.8mm"
ECHO: "CS0408: M4 cap screw x 8mm"
ECHO: "AluExtTwistNut: Aluminium Extrusion Twist Nut"
ECHO: "WA4098: Washer M4 x 9mm x 0.8mm"
ECHO: "CS0408: M4 cap screw x 8mm"
ECHO: "AluExtTwistNut: Aluminium Extrusion Twist Nut"
ECHO: "AluExtBR_20x20_990: Aluminium Extrusion BR_20x20 990mm"
ECHO: "BR20x20Gusset: BR20x20Gusset"
ECHO: "CS0408: M4 cap screw x 8mm"
ECHO: "AluExtTwistNut: Aluminium Extrusion Twist Nut"
ECHO: "CS0408: M4 cap screw x 8mm"
ECHO: "AluExtTwistNut: Aluminium Extrusion Twist Nut"
ECHO: "BR20x20Gusset: BR20x20Gusset"
ECHO: "CS0408: M4 cap screw x 8mm"
ECHO: "AluExtTwistNut: Aluminium Extrusion Twist Nut"
ECHO: "CS0408: M4 cap screw x 8mm"
ECHO: "AluExtTwistNut: Aluminium Extrusion Twist Nut"
ECHO: "AluExtBR_20x20_870: Aluminium Extrusion BR_20x20 870mm"
ECHO: "BR20x20Gusset: BR20x20Gusset"
ECHO: "CS0408: M4 cap screw x 8mm"
ECHO: "AluExtTwistNut: Aluminium Extrusion Twist Nut"
ECHO: "CS0408: M4 cap screw x 8mm"
ECHO: "AluExtTwistNut: Aluminium Extrusion Twist Nut"
ECHO: "BR20x20Gusset: BR20x20Gusset"
ECHO: "CS0408: M4 cap screw x 8mm"
ECHO: "AluExtTwistNut: Aluminium Extrusion Twist Nut"
ECHO: "CS0408: M4 cap screw x 8mm"
ECHO: "AluExtTwistNut: Aluminium Extrusion Twist Nut"
ECHO: "BR20x20Gusset: BR20x20Gusset"
ECHO: "CS0408: M4 cap screw x 8mm"
ECHO: "AluExtTwistNut: Aluminium Extrusion Twist Nut"
ECHO: "CS0408: M4 cap screw x 8mm"
ECHO: "AluExtTwistNut: Aluminium Extrusion Twist Nut"
ECHO: "AluExtBR_20x20_870: Aluminium Extrusion BR_20x20 870mm"
ECHO: "BR20x20Gusset: BR20x20Gusset"
ECHO: "CS0408: M4 cap screw x 8mm"
ECHO: "AluExtTwistNut: Aluminium Extrusion Twist Nut"
ECHO: "CS0408: M4 cap screw x 8mm"
ECHO: "AluExtTwistNut: Aluminium Extrusion Twist Nut"
ECHO: "BR20x20Gusset: BR20x20Gusset"
ECHO: "CS0408: M4 cap screw x 8mm"
ECHO: "AluExtTwistNut: Aluminium Extrusion Twist Nut"
ECHO: "CS0408: M4 cap screw x 8mm"
ECHO: "AluExtTwistNut: Aluminium Extrusion Twist Nut"
ECHO: "BR20x20Gusset: BR20x20Gusset"
ECHO: "CS0408: M4 cap screw x 8mm"
ECHO: "AluExtTwistNut: Aluminium Extrusion Twist Nut"
ECHO: "CS0408: M4 cap screw x 8mm"
ECHO: "AluExtTwistNut: Aluminium Extrusion Twist Nut"
ECHO: "/frame"
ECHO: "zAxes/"
ECHO: "zMotor/"
ECHO: "NEMA17470: NEMA17 x 47mm stepper motor"
ECHO: "ST6165: Threaded rod M6 x 165mm"
ECHO: "z_coupling.stl"
ECHO: "WA3075: Washer M3 x 7mm x 0.5mm"
ECHO: "CS03020: M3 cap screw x 20mm"
ECHO: "WA3075: Washer M3 x 7mm x 0.5mm"
ECHO: "CS03020: M3 cap screw x 20mm"
ECHO: "NYLOCM3: Nyloc nut M3"
ECHO: "NYLOCM3: Nyloc nut M3"
ECHO: "z_coupling.stl"
ECHO: "WA3075: Washer M3 x 7mm x 0.5mm"
ECHO: "CS03020: M3 cap screw x 20mm"
ECHO: "WA3075: Washer M3 x 7mm x 0.5mm"
ECHO: "CS03020: M3 cap screw x 20mm"
ECHO: "NYLOCM3: Nyloc nut M3"
ECHO: "NYLOCM3: Nyloc nut M3"
ECHO: "TB805016: Neoprene tubing OD 8mm ID 5mm x 16mm"
ECHO: "/zMotor"
ECHO: "zMotor/"
ECHO: "NEMA17470: NEMA17 x 47mm stepper motor"
ECHO: "ST6165: Threaded rod M6 x 165mm"
ECHO: "z_coupling.stl"
ECHO: "WA3075: Washer M3 x 7mm x 0.5mm"
ECHO: "CS03020: M3 cap screw x 20mm"
ECHO: "WA3075: Washer M3 x 7mm x 0.5mm"
ECHO: "CS03020: M3 cap screw x 20mm"
ECHO: "NYLOCM3: Nyloc nut M3"
ECHO: "NYLOCM3: Nyloc nut M3"
ECHO: "z_coupling.stl"
ECHO: "WA3075: Washer M3 x 7mm x 0.5mm"
ECHO: "CS03020: M3 cap screw x 20mm"
ECHO: "WA3075: Washer M3 x 7mm x 0.5mm"
ECHO: "CS03020: M3 cap screw x 20mm"
ECHO: "NYLOCM3: Nyloc nut M3"
ECHO: "NYLOCM3: Nyloc nut M3"
ECHO: "TB805016: Neoprene tubing OD 8mm ID 5mm x 16mm"
ECHO: "/zMotor"
ECHO: "zMotor/"
ECHO: "NEMA17470: NEMA17 x 47mm stepper motor"
ECHO: "ST6165: Threaded rod M6 x 165mm"
ECHO: "z_coupling.stl"
ECHO: "WA3075: Washer M3 x 7mm x 0.5mm"
ECHO: "CS03020: M3 cap screw x 20mm"
ECHO: "WA3075: Washer M3 x 7mm x 0.5mm"
ECHO: "CS03020: M3 cap screw x 20mm"
ECHO: "NYLOCM3: Nyloc nut M3"
ECHO: "NYLOCM3: Nyloc nut M3"
ECHO: "z_coupling.stl"
ECHO: "WA3075: Washer M3 x 7mm x 0.5mm"
ECHO: "CS03020: M3 cap screw x 20mm"
ECHO: "WA3075: Washer M3 x 7mm x 0.5mm"
ECHO: "CS03020: M3 cap screw x 20mm"
ECHO: "NYLOCM3: Nyloc nut M3"
ECHO: "NYLOCM3: Nyloc nut M3"
ECHO: "TB805016: Neoprene tubing OD 8mm ID 5mm x 16mm"
ECHO: "/zMotor"
ECHO: "zMotor/"
ECHO: "NEMA17470: NEMA17 x 47mm stepper motor"
ECHO: "ST6165: Threaded rod M6 x 165mm"
ECHO: "z_coupling.stl"
ECHO: "WA3075: Washer M3 x 7mm x 0.5mm"
ECHO: "CS03020: M3 cap screw x 20mm"
ECHO: "WA3075: Washer M3 x 7mm x 0.5mm"
ECHO: "CS03020: M3 cap screw x 20mm"
ECHO: "NYLOCM3: Nyloc nut M3"
ECHO: "NYLOCM3: Nyloc nut M3"
ECHO: "z_coupling.stl"
ECHO: "WA3075: Washer M3 x 7mm x 0.5mm"
ECHO: "CS03020: M3 cap screw x 20mm"
ECHO: "WA3075: Washer M3 x 7mm x 0.5mm"
ECHO: "CS03020: M3 cap screw x 20mm"
ECHO: "NYLOCM3: Nyloc nut M3"
ECHO: "NYLOCM3: Nyloc nut M3"
ECHO: "TB805016: Neoprene tubing OD 8mm ID 5mm x 16mm"
ECHO: "/zMotor"
ECHO: "zRod/"
ECHO: "RD10195: Smooth rod 10mm x 195mm"
ECHO: "/zRod"
ECHO: "zRod/"
ECHO: "RD10195: Smooth rod 10mm x 195mm"
ECHO: "/zRod"
ECHO: "/zAxes"
ECHO: "bed/"
ECHO: "AluExtBR_20x40_1100: Aluminium Extrusion BR_20x40 1100mm"
ECHO: "AluExtBR_20x40_1100: Aluminium Extrusion BR_20x40 1100mm"
ECHO: "AluExtBR_20x20_670: Aluminium Extrusion BR_20x20 670mm"
ECHO: "BR20x20Gusset: BR20x20Gusset"
ECHO: "CS0408: M4 cap screw x 8mm"
ECHO: "AluExtTwistNut: Aluminium Extrusion Twist Nut"
ECHO: "CS0408: M4 cap screw x 8mm"
ECHO: "AluExtTwistNut: Aluminium Extrusion Twist Nut"
ECHO: "BR20x20Gusset: BR20x20Gusset"
ECHO: "CS0408: M4 cap screw x 8mm"
ECHO: "AluExtTwistNut: Aluminium Extrusion Twist Nut"
ECHO: "CS0408: M4 cap screw x 8mm"
ECHO: "AluExtTwistNut: Aluminium Extrusion Twist Nut"
ECHO: "AluExtBR_20x20_670: Aluminium Extrusion BR_20x20 670mm"
ECHO: "BR20x20Gusset: BR20x20Gusset"
ECHO: "CS0408: M4 cap screw x 8mm"
ECHO: "AluExtTwistNut: Aluminium Extrusion Twist Nut"
ECHO: "CS0408: M4 cap screw x 8mm"
ECHO: "AluExtTwistNut: Aluminium Extrusion Twist Nut"
ECHO: "BR20x20Gusset: BR20x20Gusset"
ECHO: "CS0408: M4 cap screw x 8mm"
ECHO: "AluExtTwistNut: Aluminium Extrusion Twist Nut"
ECHO: "CS0408: M4 cap screw x 8mm"
ECHO: "AluExtTwistNut: Aluminium Extrusion Twist Nut"
ECHO: "AluExtBR_20x20_670: Aluminium Extrusion BR_20x20 670mm"
ECHO: "BR20x20Gusset: BR20x20Gusset"
ECHO: "CS0408: M4 cap screw x 8mm"
ECHO: "AluExtTwistNut: Aluminium Extrusion Twist Nut"
ECHO: "CS0408: M4 cap screw x 8mm"
ECHO: "AluExtTwistNut: Aluminium Extrusion Twist Nut"
ECHO: "BR20x20Gusset: BR20x20Gusset"
ECHO: "CS0408: M4 cap screw x 8mm"
ECHO: "AluExtTwistNut: Aluminium Extrusion Twist Nut"
ECHO: "CS0408: M4 cap screw x 8mm"
ECHO: "AluExtTwistNut: Aluminium Extrusion Twist Nut"
ECHO: "AluExtBR_20x20_670: Aluminium Extrusion BR_20x20 670mm"
ECHO: "BR20x20Gusset: BR20x20Gusset"
ECHO: "CS0408: M4 cap screw x 8mm"
ECHO: "AluExtTwistNut: Aluminium Extrusion Twist Nut"
ECHO: "CS0408: M4 cap screw x 8mm"
ECHO: "AluExtTwistNut: Aluminium Extrusion Twist Nut"
ECHO: "BR20x20Gusset: BR20x20Gusset"
ECHO: "CS0408: M4 cap screw x 8mm"
ECHO: "AluExtTwistNut: Aluminium Extrusion Twist Nut"
ECHO: "CS0408: M4 cap screw x 8mm"
ECHO: "AluExtTwistNut: Aluminium Extrusion Twist Nut"
ECHO: "AluExtBR_20x20_670: Aluminium Extrusion BR_20x20 670mm"
ECHO: "BR20x20Gusset: BR20x20Gusset"
ECHO: "CS0408: M4 cap screw x 8mm"
ECHO: "AluExtTwistNut: Aluminium Extrusion Twist Nut"
ECHO: "CS0408: M4 cap screw x 8mm"
ECHO: "AluExtTwistNut: Aluminium Extrusion Twist Nut"
ECHO: "BR20x20Gusset: BR20x20Gusset"
ECHO: "CS0408: M4 cap screw x 8mm"
ECHO: "AluExtTwistNut: Aluminium Extrusion Twist Nut"
ECHO: "CS0408: M4 cap screw x 8mm"
ECHO: "AluExtTwistNut: Aluminium Extrusion Twist Nut"
ECHO: "AluExtBR_20x20_670: Aluminium Extrusion BR_20x20 670mm"
ECHO: "BR20x20Gusset: BR20x20Gusset"
ECHO: "CS0408: M4 cap screw x 8mm"
ECHO: "AluExtTwistNut: Aluminium Extrusion Twist Nut"
ECHO: "CS0408: M4 cap screw x 8mm"
ECHO: "AluExtTwistNut: Aluminium Extrusion Twist Nut"
ECHO: "BR20x20Gusset: BR20x20Gusset"
ECHO: "CS0408: M4 cap screw x 8mm"
ECHO: "AluExtTwistNut: Aluminium Extrusion Twist Nut"
ECHO: "CS0408: M4 cap screw x 8mm"
ECHO: "AluExtTwistNut: Aluminium Extrusion Twist Nut"
ECHO: "CS0408: M4 cap screw x 8mm"
ECHO: "AluExtTwistNut: Aluminium Extrusion Twist Nut"
ECHO: "CS0408: M4 cap screw x 8mm"
ECHO: "AluExtTwistNut: Aluminium Extrusion Twist Nut"
ECHO: "LM10UU: LM10UU linear bearing"
ECHO: "NUTM5: Nut M5"
ECHO: "CS0408: M4 cap screw x 8mm"
ECHO: "AluExtTwistNut: Aluminium Extrusion Twist Nut"
ECHO: "CS0408: M4 cap screw x 8mm"
ECHO: "AluExtTwistNut: Aluminium Extrusion Twist Nut"
ECHO: "NUTM5: Nut M5"
ECHO: "CS0408: M4 cap screw x 8mm"
ECHO: "AluExtTwistNut: Aluminium Extrusion Twist Nut"
ECHO: "CS0408: M4 cap screw x 8mm"
ECHO: "AluExtTwistNut: Aluminium Extrusion Twist Nut"
ECHO: "LM10UU: LM10UU linear bearing"
ECHO: "NUTM5: Nut M5"
ECHO: "CS0408: M4 cap screw x 8mm"
ECHO: "AluExtTwistNut: Aluminium Extrusion Twist Nut"
ECHO: "CS0408: M4 cap screw x 8mm"
ECHO: "AluExtTwistNut: Aluminium Extrusion Twist Nut"
ECHO: "NUTM5: Nut M5"
ECHO: "/bed"
ECHO: "xAxis/"
ECHO: "xRail/"
ECHO: "AluExtBR_20x20_1170: Aluminium Extrusion BR_20x20 1170mm"
ECHO: "Openrail1000:Openrail 1000mm"
ECHO: "LP05010: M5 low profile screw x 10mm"
ECHO: "OpenrailTeeNut:"
ECHO: "LP05010: M5 low profile screw x 10mm"
ECHO: "OpenrailTeeNut:"
ECHO: "LP05010: M5 low profile screw x 10mm"
ECHO: "OpenrailTeeNut:"
ECHO: "LP05010: M5 low profile screw x 10mm"
ECHO: "OpenrailTeeNut:"
ECHO: "LP05010: M5 low profile screw x 10mm"
ECHO: "OpenrailTeeNut:"
ECHO: "LP05010: M5 low profile screw x 10mm"
ECHO: "OpenrailTeeNut:"
ECHO: "LP05010: M5 low profile screw x 10mm"
ECHO: "OpenrailTeeNut:"
ECHO: "LP05010: M5 low profile screw x 10mm"
ECHO: "OpenrailTeeNut:"
ECHO: "LP05010: M5 low profile screw x 10mm"
ECHO: "OpenrailTeeNut:"
ECHO: "LP05010: M5 low profile screw x 10mm"
ECHO: "OpenrailTeeNut:"
ECHO: "LP05010: M5 low profile screw x 10mm"
ECHO: "OpenrailTeeNut:"
ECHO: "LP05010: M5 low profile screw x 10mm"
ECHO: "OpenrailTeeNut:"
ECHO: "LP05010: M5 low profile screw x 10mm"
ECHO: "OpenrailTeeNut:"
ECHO: "LP05010: M5 low profile screw x 10mm"
ECHO: "OpenrailTeeNut:"
ECHO: "LP05010: M5 low profile screw x 10mm"
ECHO: "OpenrailTeeNut:"
ECHO: "LP05010: M5 low profile screw x 10mm"
ECHO: "OpenrailTeeNut:"
ECHO: "LP05010: M5 low profile screw x 10mm"
ECHO: "OpenrailTeeNut:"
ECHO: "LP05010: M5 low profile screw x 10mm"
ECHO: "OpenrailTeeNut:"
ECHO: "LP05010: M5 low profile screw x 10mm"
ECHO: "OpenrailTeeNut:"
ECHO: "LP05010: M5 low profile screw x 10mm"
ECHO: "OpenrailTeeNut:"
ECHO: "Openrail1000:Openrail 1000mm"
ECHO: "xCarriage/"
ECHO: "OpenRailPlate20:"
ECHO: "CS05025: M5 cap screw x 25mm"
ECHO: "OpenRailSpacer:"
ECHO: "BB625_2RS: Ball bearing 625_2RS 5mm x 16mm x 5mm"
ECHO: "WA501010: Washer M5 x 10mm x 1mm"
ECHO: "BB625_2RS: Ball bearing 625_2RS 5mm x 16mm x 5mm"
ECHO: "DelrinVGrooveWheel:"
ECHO: "NYLOCM5: Nyloc nut M5"
ECHO: "CS05025: M5 cap screw x 25mm"
ECHO: "OpenRailSpacer:"
ECHO: "BB625_2RS: Ball bearing 625_2RS 5mm x 16mm x 5mm"
ECHO: "WA501010: Washer M5 x 10mm x 1mm"
ECHO: "BB625_2RS: Ball bearing 625_2RS 5mm x 16mm x 5mm"
ECHO: "DelrinVGrooveWheel:"
ECHO: "NYLOCM5: Nyloc nut M5"
ECHO: "CS05025: M5 cap screw x 25mm"
ECHO: "OpenRailSpacer:"
ECHO: "BB625_2RS: Ball bearing 625_2RS 5mm x 16mm x 5mm"
ECHO: "WA501010: Washer M5 x 10mm x 1mm"
ECHO: "BB625_2RS: Ball bearing 625_2RS 5mm x 16mm x 5mm"
ECHO: "DelrinVGrooveWheel:"
ECHO: "NYLOCM5: Nyloc nut M5"
ECHO: "CS05025: M5 cap screw x 25mm"
ECHO: "OpenRailSpacer:"
ECHO: "BB625_2RS: Ball bearing 625_2RS 5mm x 16mm x 5mm"
ECHO: "WA501010: Washer M5 x 10mm x 1mm"
ECHO: "BB625_2RS: Ball bearing 625_2RS 5mm x 16mm x 5mm"
ECHO: "DelrinVGrooveWheel:"
ECHO: "NYLOCM5: Nyloc nut M5"
ECHO: "laserHead:"
ECHO: "xCarriageBracket.stl"
ECHO: "HX04020: M4 hex screw x 20mm"
ECHO: "WA4098: Washer M4 x 9mm x 0.8mm"
ECHO: "NYLOCM4: Nyloc nut M4"
ECHO: "HX04020: M4 hex screw x 20mm"
ECHO: "WA4098: Washer M4 x 9mm x 0.8mm"
ECHO: "NYLOCM4: Nyloc nut M4"
ECHO: "CS05030: M5 cap screw x 30mm"
ECHO: "CS05030: M5 cap screw x 30mm"
ECHO: "CS05030: M5 cap screw x 30mm"
ECHO: "CS05030: M5 cap screw x 30mm"
ECHO: "xBeltClamp.stl"
ECHO: "HX03016: M3 hex screw x 16mm"
ECHO: "WA3075: Washer M3 x 7mm x 0.5mm"
ECHO: "NUTM3: Nut M3"
ECHO: "HX03016: M3 hex screw x 16mm"
ECHO: "WA3075: Washer M3 x 7mm x 0.5mm"
ECHO: "NUTM3: Nut M3"
ECHO: "/xCarriage"
DEPRECATED: Support for reading files in rotate_extrude will be removed in future releases. Use a child import() instead.
DEPRECATED: Support for reading files in rotate_extrude will be removed in future releases. Use a child import() instead.
ECHO: "NEMA17470: NEMA17 x 47mm stepper motor"
ECHO: "PULT510: T5 pulley 10 teeth"
ECHO: "CS050undef: M5 cap screw x undefmm"
ECHO: "PULT510: T5 pulley 10 teeth"
ECHO: "laserMirror:"
ECHO: "BT50102185: Belt T5 x 10mm x 2185mm"
ECHO: "/xRail"
ECHO: "yCarriage/"
ECHO: "OpenRailPlate20:"
ECHO: "CS05025: M5 cap screw x 25mm"
ECHO: "OpenRailSpacer:"
ECHO: "BB625_2RS: Ball bearing 625_2RS 5mm x 16mm x 5mm"
ECHO: "WA501010: Washer M5 x 10mm x 1mm"
ECHO: "BB625_2RS: Ball bearing 625_2RS 5mm x 16mm x 5mm"
ECHO: "DelrinVGrooveWheel:"
ECHO: "NYLOCM5: Nyloc nut M5"
ECHO: "CS05025: M5 cap screw x 25mm"
ECHO: "OpenRailSpacer:"
ECHO: "BB625_2RS: Ball bearing 625_2RS 5mm x 16mm x 5mm"
ECHO: "WA501010: Washer M5 x 10mm x 1mm"
ECHO: "BB625_2RS: Ball bearing 625_2RS 5mm x 16mm x 5mm"
ECHO: "DelrinVGrooveWheel:"
ECHO: "NYLOCM5: Nyloc nut M5"
ECHO: "CS05025: M5 cap screw x 25mm"
ECHO: "OpenRailSpacer:"
ECHO: "BB625_2RS: Ball bearing 625_2RS 5mm x 16mm x 5mm"
ECHO: "WA501010: Washer M5 x 10mm x 1mm"
ECHO: "BB625_2RS: Ball bearing 625_2RS 5mm x 16mm x 5mm"
ECHO: "DelrinVGrooveWheel:"
ECHO: "NYLOCM5: Nyloc nut M5"
ECHO: "CS05025: M5 cap screw x 25mm"
ECHO: "OpenRailSpacer:"
ECHO: "BB625_2RS: Ball bearing 625_2RS 5mm x 16mm x 5mm"
ECHO: "WA501010: Washer M5 x 10mm x 1mm"
ECHO: "BB625_2RS: Ball bearing 625_2RS 5mm x 16mm x 5mm"
ECHO: "DelrinVGrooveWheel:"
ECHO: "NYLOCM5: Nyloc nut M5"
ECHO: "yCarriageBracket"
ECHO: "CS05030: M5 cap screw x 30mm"
ECHO: "CS05030: M5 cap screw x 30mm"
ECHO: "CS05030: M5 cap screw x 30mm"
ECHO: "CS05030: M5 cap screw x 30mm"
ECHO: "/yCarriage"
ECHO: "yCarriage/"
ECHO: "OpenRailPlate20:"
ECHO: "CS05025: M5 cap screw x 25mm"
ECHO: "OpenRailSpacer:"
ECHO: "BB625_2RS: Ball bearing 625_2RS 5mm x 16mm x 5mm"
ECHO: "WA501010: Washer M5 x 10mm x 1mm"
ECHO: "BB625_2RS: Ball bearing 625_2RS 5mm x 16mm x 5mm"
ECHO: "DelrinVGrooveWheel:"
ECHO: "NYLOCM5: Nyloc nut M5"
ECHO: "CS05025: M5 cap screw x 25mm"
ECHO: "OpenRailSpacer:"
ECHO: "BB625_2RS: Ball bearing 625_2RS 5mm x 16mm x 5mm"
ECHO: "WA501010: Washer M5 x 10mm x 1mm"
ECHO: "BB625_2RS: Ball bearing 625_2RS 5mm x 16mm x 5mm"
ECHO: "DelrinVGrooveWheel:"
ECHO: "NYLOCM5: Nyloc nut M5"
ECHO: "CS05025: M5 cap screw x 25mm"
ECHO: "OpenRailSpacer:"
ECHO: "BB625_2RS: Ball bearing 625_2RS 5mm x 16mm x 5mm"
ECHO: "WA501010: Washer M5 x 10mm x 1mm"
ECHO: "BB625_2RS: Ball bearing 625_2RS 5mm x 16mm x 5mm"
ECHO: "DelrinVGrooveWheel:"
ECHO: "NYLOCM5: Nyloc nut M5"
ECHO: "CS05025: M5 cap screw x 25mm"
ECHO: "OpenRailSpacer:"
ECHO: "BB625_2RS: Ball bearing 625_2RS 5mm x 16mm x 5mm"
ECHO: "WA501010: Washer M5 x 10mm x 1mm"
ECHO: "BB625_2RS: Ball bearing 625_2RS 5mm x 16mm x 5mm"
ECHO: "DelrinVGrooveWheel:"
ECHO: "NYLOCM5: Nyloc nut M5"
ECHO: "yCarriageBracket"
ECHO: "CS05030: M5 cap screw x 30mm"
ECHO: "CS05030: M5 cap screw x 30mm"
ECHO: "CS05030: M5 cap screw x 30mm"
ECHO: "CS05030: M5 cap screw x 30mm"
ECHO: "/yCarriage"
ECHO: "/xAxis"
ECHO: "AluExtBR_20x20_870: Aluminium Extrusion BR_20x20 870mm"
ECHO: "BR20x20Gusset: BR20x20Gusset"
ECHO: "CS0408: M4 cap screw x 8mm"
ECHO: "AluExtTwistNut: Aluminium Extrusion Twist Nut"
ECHO: "CS0408: M4 cap screw x 8mm"
ECHO: "AluExtTwistNut: Aluminium Extrusion Twist Nut"
ECHO: "BR20x20Gusset: BR20x20Gusset"
ECHO: "CS0408: M4 cap screw x 8mm"
ECHO: "AluExtTwistNut: Aluminium Extrusion Twist Nut"
ECHO: "CS0408: M4 cap screw x 8mm"
ECHO: "AluExtTwistNut: Aluminium Extrusion Twist Nut"
ECHO: "BR20x20Gusset: BR20x20Gusset"
ECHO: "CS0408: M4 cap screw x 8mm"
ECHO: "AluExtTwistNut: Aluminium Extrusion Twist Nut"
ECHO: "CS0408: M4 cap screw x 8mm"
ECHO: "AluExtTwistNut: Aluminium Extrusion Twist Nut"
ECHO: "BR20x20Gusset: BR20x20Gusset"
ECHO: "CS0408: M4 cap screw x 8mm"
ECHO: "AluExtTwistNut: Aluminium Extrusion Twist Nut"
ECHO: "CS0408: M4 cap screw x 8mm"
ECHO: "AluExtTwistNut: Aluminium Extrusion Twist Nut"
ECHO: "AluExtBR_20x20_870: Aluminium Extrusion BR_20x20 870mm"
ECHO: "BR20x20Gusset: BR20x20Gusset"
ECHO: "CS0408: M4 cap screw x 8mm"
ECHO: "AluExtTwistNut: Aluminium Extrusion Twist Nut"
ECHO: "CS0408: M4 cap screw x 8mm"
ECHO: "AluExtTwistNut: Aluminium Extrusion Twist Nut"
ECHO: "BR20x20Gusset: BR20x20Gusset"
ECHO: "CS0408: M4 cap screw x 8mm"
ECHO: "AluExtTwistNut: Aluminium Extrusion Twist Nut"
ECHO: "CS0408: M4 cap screw x 8mm"
ECHO: "AluExtTwistNut: Aluminium Extrusion Twist Nut"
ECHO: "BR20x20Gusset: BR20x20Gusset"
ECHO: "CS0408: M4 cap screw x 8mm"
ECHO: "AluExtTwistNut: Aluminium Extrusion Twist Nut"
ECHO: "CS0408: M4 cap screw x 8mm"
ECHO: "AluExtTwistNut: Aluminium Extrusion Twist Nut"
ECHO: "BR20x20Gusset: BR20x20Gusset"
ECHO: "CS0408: M4 cap screw x 8mm"
ECHO: "AluExtTwistNut: Aluminium Extrusion Twist Nut"
ECHO: "CS0408: M4 cap screw x 8mm"
ECHO: "AluExtTwistNut: Aluminium Extrusion Twist Nut"
ECHO: "20x20TGusset:"
ECHO: "WA601215: Washer M6 x 12mm x 1.5mm"
ECHO: "ST06016: M6 selftap screw T25 x 16mm"
ECHO: "WA4098: Washer M4 x 9mm x 0.8mm"
ECHO: "CS0408: M4 cap screw x 8mm"
ECHO: "AluExtTwistNut: Aluminium Extrusion Twist Nut"
ECHO: "WA4098: Washer M4 x 9mm x 0.8mm"
ECHO: "CS0408: M4 cap screw x 8mm"
ECHO: "AluExtTwistNut: Aluminium Extrusion Twist Nut"
ECHO: "WA4098: Washer M4 x 9mm x 0.8mm"
ECHO: "CS0408: M4 cap screw x 8mm"
ECHO: "AluExtTwistNut: Aluminium Extrusion Twist Nut"
ECHO: "WA4098: Washer M4 x 9mm x 0.8mm"
ECHO: "CS0408: M4 cap screw x 8mm"
ECHO: "AluExtTwistNut: Aluminium Extrusion Twist Nut"
ECHO: "20x20TGusset:"
ECHO: "WA601215: Washer M6 x 12mm x 1.5mm"
ECHO: "ST06016: M6 selftap screw T25 x 16mm"
ECHO: "WA4098: Washer M4 x 9mm x 0.8mm"
ECHO: "CS0408: M4 cap screw x 8mm"
ECHO: "AluExtTwistNut: Aluminium Extrusion Twist Nut"
ECHO: "WA4098: Washer M4 x 9mm x 0.8mm"
ECHO: "CS0408: M4 cap screw x 8mm"
ECHO: "AluExtTwistNut: Aluminium Extrusion Twist Nut"
ECHO: "WA4098: Washer M4 x 9mm x 0.8mm"
ECHO: "CS0408: M4 cap screw x 8mm"
ECHO: "AluExtTwistNut: Aluminium Extrusion Twist Nut"
ECHO: "WA4098: Washer M4 x 9mm x 0.8mm"
ECHO: "CS0408: M4 cap screw x 8mm"
ECHO: "AluExtTwistNut: Aluminium Extrusion Twist Nut"
ECHO: "20x20TGusset:"
ECHO: "WA601215: Washer M6 x 12mm x 1.5mm"
ECHO: "ST06016: M6 selftap screw T25 x 16mm"
ECHO: "WA4098: Washer M4 x 9mm x 0.8mm"
ECHO: "CS0408: M4 cap screw x 8mm"
ECHO: "AluExtTwistNut: Aluminium Extrusion Twist Nut"
ECHO: "WA4098: Washer M4 x 9mm x 0.8mm"
ECHO: "CS0408: M4 cap screw x 8mm"
ECHO: "AluExtTwistNut: Aluminium Extrusion Twist Nut"
ECHO: "WA4098: Washer M4 x 9mm x 0.8mm"
ECHO: "CS0408: M4 cap screw x 8mm"
ECHO: "AluExtTwistNut: Aluminium Extrusion Twist Nut"
ECHO: "WA4098: Washer M4 x 9mm x 0.8mm"
ECHO: "CS0408: M4 cap screw x 8mm"
ECHO: "AluExtTwistNut: Aluminium Extrusion Twist Nut"
ECHO: "20x20TGusset:"
ECHO: "WA601215: Washer M6 x 12mm x 1.5mm"
ECHO: "ST06016: M6 selftap screw T25 x 16mm"
ECHO: "WA4098: Washer M4 x 9mm x 0.8mm"
ECHO: "CS0408: M4 cap screw x 8mm"
ECHO: "AluExtTwistNut: Aluminium Extrusion Twist Nut"
ECHO: "WA4098: Washer M4 x 9mm x 0.8mm"
ECHO: "CS0408: M4 cap screw x 8mm"
ECHO: "AluExtTwistNut: Aluminium Extrusion Twist Nut"
ECHO: "WA4098: Washer M4 x 9mm x 0.8mm"
ECHO: "CS0408: M4 cap screw x 8mm"
ECHO: "AluExtTwistNut: Aluminium Extrusion Twist Nut"
ECHO: "WA4098: Washer M4 x 9mm x 0.8mm"
ECHO: "CS0408: M4 cap screw x 8mm"
ECHO: "AluExtTwistNut: Aluminium Extrusion Twist Nut"
ECHO: "Openrail750:Openrail 750mm"
ECHO: "LP05010: M5 low profile screw x 10mm"
ECHO: "OpenrailTeeNut:"
ECHO: "LP05010: M5 low profile screw x 10mm"
ECHO: "OpenrailTeeNut:"
ECHO: "LP05010: M5 low profile screw x 10mm"
ECHO: "OpenrailTeeNut:"
ECHO: "LP05010: M5 low profile screw x 10mm"
ECHO: "OpenrailTeeNut:"
ECHO: "LP05010: M5 low profile screw x 10mm"
ECHO: "OpenrailTeeNut:"
ECHO: "LP05010: M5 low profile screw x 10mm"
ECHO: "OpenrailTeeNut:"
ECHO: "LP05010: M5 low profile screw x 10mm"
ECHO: "OpenrailTeeNut:"
ECHO: "LP05010: M5 low profile screw x 10mm"
ECHO: "OpenrailTeeNut:"
ECHO: "LP05010: M5 low profile screw x 10mm"
ECHO: "OpenrailTeeNut:"
ECHO: "LP05010: M5 low profile screw x 10mm"
ECHO: "OpenrailTeeNut:"
ECHO: "LP05010: M5 low profile screw x 10mm"
ECHO: "OpenrailTeeNut:"
ECHO: "LP05010: M5 low profile screw x 10mm"
ECHO: "OpenrailTeeNut:"
ECHO: "LP05010: M5 low profile screw x 10mm"
ECHO: "OpenrailTeeNut:"
ECHO: "LP05010: M5 low profile screw x 10mm"
ECHO: "OpenrailTeeNut:"
ECHO: "LP05010: M5 low profile screw x 10mm"
ECHO: "OpenrailTeeNut:"
ECHO: "Openrail750:Openrail 750mm"
ECHO: "Openrail750:Openrail 750mm"
ECHO: "LP05010: M5 low profile screw x 10mm"
ECHO: "OpenrailTeeNut:"
ECHO: "LP05010: M5 low profile screw x 10mm"
ECHO: "OpenrailTeeNut:"
ECHO: "LP05010: M5 low profile screw x 10mm"
ECHO: "OpenrailTeeNut:"
ECHO: "LP05010: M5 low profile screw x 10mm"
ECHO: "OpenrailTeeNut:"
ECHO: "LP05010: M5 low profile screw x 10mm"
ECHO: "OpenrailTeeNut:"
ECHO: "LP05010: M5 low profile screw x 10mm"
ECHO: "OpenrailTeeNut:"
ECHO: "LP05010: M5 low profile screw x 10mm"
ECHO: "OpenrailTeeNut:"
ECHO: "LP05010: M5 low profile screw x 10mm"
ECHO: "OpenrailTeeNut:"
ECHO: "LP05010: M5 low profile screw x 10mm"
ECHO: "OpenrailTeeNut:"
ECHO: "LP05010: M5 low profile screw x 10mm"
ECHO: "OpenrailTeeNut:"
ECHO: "LP05010: M5 low profile screw x 10mm"
ECHO: "OpenrailTeeNut:"
ECHO: "LP05010: M5 low profile screw x 10mm"
ECHO: "OpenrailTeeNut:"
ECHO: "LP05010: M5 low profile screw x 10mm"
ECHO: "OpenrailTeeNut:"
ECHO: "LP05010: M5 low profile screw x 10mm"
ECHO: "OpenrailTeeNut:"
ECHO: "LP05010: M5 low profile screw x 10mm"
ECHO: "OpenrailTeeNut:"
ECHO: "Openrail750:Openrail 750mm"
ECHO: "NEMA17470: NEMA17 x 47mm stepper motor"
ECHO: "PULT510: T5 pulley 10 teeth"
ECHO: "NEMA17470: NEMA17 x 47mm stepper motor"
ECHO: "PULT510: T5 pulley 10 teeth"
ECHO: "BT50101665: Belt T5 x 10mm x 1665mm"
ECHO: "BT50101665: Belt T5 x 10mm x 1665mm"
ECHO: "PULT510: T5 pulley 10 teeth"
ECHO: "PULT510: T5 pulley 10 teeth"
ECHO: "laserMirror:"
ECHO: "cladding/"
ECHO: "/cladding"
